Using pre-set license
Built from '2020.3/staging' branch; Version is '2020.3.3f1 (76626098c1c4) revision 7758432'; Using compiler version '192528614'; Build Type 'Release'
OS: 'Windows 10 Pro; OS build 19043.1706; Version 2009; 64bit' Language: 'en' Physical Memory: 14284 MB
BatchMode: 1, IsHumanControllingUs: 0, StartBugReporterOnCrash: 0, Is64bit: 1, IsPro: 0

 COMMAND LINE ARGUMENTS:
C:\Program Files\Unity\Hub\Editor\2020.3.3f1\Editor\Unity.exe
-adb2
-batchMode
-noUpm
-name
AssetImportWorker0
-projectPath
C:/Users/admin/Documents/GitHub/AgencyDominion/dominion
-logFile
Logs/AssetImportWorker0.log
-srvPort
52982
Successfully changed project path to: C:/Users/admin/Documents/GitHub/AgencyDominion/dominion
C:/Users/admin/Documents/GitHub/AgencyDominion/dominion
Using Asset Import Pipeline V2.
Refreshing native plugins compatible for Editor in 41.66 ms, found 1 plugins.
Preloading 0 native plugins for Editor in 0.00 ms.
Initialize engine version: 2020.3.3f1 (76626098c1c4)
[Subsystems] Discovering subsystems at path C:/Program Files/Unity/Hub/Editor/2020.3.3f1/Editor/Data/Resources/UnitySubsystems
[Subsystems] Discovering subsystems at path C:/Users/admin/Documents/GitHub/AgencyDominion/dominion/Assets
GfxDevice: creating device client; threaded=0
Direct3D:
    Version:  Direct3D 11.0 [level 11.1]
    Renderer: AMD Radeon(TM) RX Vega 11 Graphics (ID=0x15dd)
    Vendor:   
    VRAM:     7142 MB
    Driver:   27.20.1034.6
Initialize mono
Mono path[0] = 'C:/Program Files/Unity/Hub/Editor/2020.3.3f1/Editor/Data/Managed'
Mono path[1] = 'C:/Program Files/Unity/Hub/Editor/2020.3.3f1/Editor/Data/MonoBleedingEdge/lib/mono/unityjit'
Mono config path = 'C:/Program Files/Unity/Hub/Editor/2020.3.3f1/Editor/Data/MonoBleedingEdge/etc'
Using monoOptions --debugger-agent=transport=dt_socket,embedding=1,server=y,suspend=n,address=127.0.0.1:56548
Begin MonoManager ReloadAssembly
Registering precompiled unity dll's ...
Register platform support module: C:/Program Files/Unity/Hub/Editor/2020.3.3f1/Editor/Data/PlaybackEngines/WindowsStandaloneSupport/UnityEditor.WindowsStandalone.Extensions.dll
Registered in 0.002535 seconds.
Native extension for WindowsStandalone target not found
Refreshing native plugins compatible for Editor in 39.49 ms, found 1 plugins.
Preloading 0 native plugins for Editor in 0.00 ms.
Invoked RoslynAnalysisRunner static constructor.
RoslynAnalysisRunner will not be running.
RoslynAnalysisRunner has terminated.
Mono: successfully reloaded assembly
- Completed reload, in  1.350 seconds
Platform modules already initialized, skipping
Registering precompiled user dll's ...
Registered in 0.001574 seconds.
Begin MonoManager ReloadAssembly
Native extension for WindowsStandalone target not found
Refreshing native plugins compatible for Editor in 39.46 ms, found 1 plugins.
Preloading 0 native plugins for Editor in 0.00 ms.
Invoked RoslynAnalysisRunner static constructor.
RoslynAnalysisRunner will not be running.
RoslynAnalysisRunner has terminated.
Mono: successfully reloaded assembly
- Completed reload, in  1.120 seconds
Platform modules already initialized, skipping
========================================================================
Worker process is ready to serve import requests
Launched and connected shader compiler UnityShaderCompiler.exe after 0.05 seconds
Refreshing native plugins compatible for Editor in 0.37 ms, found 1 plugins.
Preloading 0 native plugins for Editor in 0.00 ms.
Unloading 1809 Unused Serialized files (Serialized files now loaded: 0)
System memory in use before: 84.8 MB.
System memory in use after: 84.8 MB.

Unloading 24 unused Assets to reduce memory usage. Loaded Objects now: 2251.
Total: 3.260700 ms (FindLiveObjects: 0.263400 ms CreateObjectMapping: 0.073400 ms MarkObjects: 2.717300 ms  DeleteObjects: 0.205100 ms)

========================================================================
Received Import Request.
  path: Assets/placeholderarrows.png
  artifactKey: Guid(46e918b8a9b7eba43bff6252828e7a88) Importer(815301076,1909f56bfc062723c751e8b465ee728b)
Start importing Assets/placeholderarrows.png using Guid(46e918b8a9b7eba43bff6252828e7a88) Importer(815301076,1909f56bfc062723c751e8b465ee728b)  -> (artifact id: 'f930ab5bd0eacb6afe6072b66096917b') in 0.164298 seconds
  Import took 0.168176 seconds .

========================================================================
Received Import Request.
  Time since last request: 46.530718 seconds.
  path: Assets/placeholderarrows.png
  artifactKey: Guid(46e918b8a9b7eba43bff6252828e7a88) Importer(815301076,1909f56bfc062723c751e8b465ee728b)
Start importing Assets/placeholderarrows.png using Guid(46e918b8a9b7eba43bff6252828e7a88) Importer(815301076,1909f56bfc062723c751e8b465ee728b)  -> (artifact id: 'f922b621d607588ed7c3c3b5b0837359') in 0.021112 seconds
  Import took 0.025379 seconds .

========================================================================
Received Import Request.
  Time since last request: 0.000823 seconds.
  path: Assets/placeholderarrows.png
  artifactKey: Guid(46e918b8a9b7eba43bff6252828e7a88) Importer(815301076,1909f56bfc062723c751e8b465ee728b)
Start importing Assets/placeholderarrows.png using Guid(46e918b8a9b7eba43bff6252828e7a88) Importer(815301076,1909f56bfc062723c751e8b465ee728b)  -> (artifact id: 'f922b621d607588ed7c3c3b5b0837359') in 0.011223 seconds
  Import took 0.014768 seconds .

========================================================================
Received Import Request.
  Time since last request: 3.807050 seconds.
  path: Assets/placeholderarrows.png
  artifactKey: Guid(46e918b8a9b7eba43bff6252828e7a88) Importer(815301076,1909f56bfc062723c751e8b465ee728b)
Start importing Assets/placeholderarrows.png using Guid(46e918b8a9b7eba43bff6252828e7a88) Importer(815301076,1909f56bfc062723c751e8b465ee728b)  -> (artifact id: '8c286a339b6fe2c202addacd54d969b4') in 0.015490 seconds
  Import took 0.019346 seconds .

========================================================================
Received Import Request.
  Time since last request: 0.003891 seconds.
  path: Assets/placeholderarrows.png
  artifactKey: Guid(46e918b8a9b7eba43bff6252828e7a88) Importer(815301076,1909f56bfc062723c751e8b465ee728b)
Start importing Assets/placeholderarrows.png using Guid(46e918b8a9b7eba43bff6252828e7a88) Importer(815301076,1909f56bfc062723c751e8b465ee728b)  -> (artifact id: '8c286a339b6fe2c202addacd54d969b4') in 0.008720 seconds
  Import took 0.012017 seconds .

========================================================================
Received Import Request.
  Time since last request: 11.677309 seconds.
  path: Assets/placeholderarrows.png
  artifactKey: Guid(46e918b8a9b7eba43bff6252828e7a88) Importer(815301076,1909f56bfc062723c751e8b465ee728b)
Start importing Assets/placeholderarrows.png using Guid(46e918b8a9b7eba43bff6252828e7a88) Importer(815301076,1909f56bfc062723c751e8b465ee728b)  -> (artifact id: '14b1b207fb906cba72b02b349d219465') in 0.027483 seconds
  Import took 0.031830 seconds .

========================================================================
Received Import Request.
  Time since last request: 51.698049 seconds.
  path: Assets/PlayerControl.cs
  artifactKey: Guid(b21703cbc89e9fd4abde2945b6f5ad95) Importer(815301076,1909f56bfc062723c751e8b465ee728b)
Start importing Assets/PlayerControl.cs using Guid(b21703cbc89e9fd4abde2945b6f5ad95) Importer(815301076,1909f56bfc062723c751e8b465ee728b)  -> (artifact id: 'a9ddfcbf7c57dc6a8dfe7ffe9f1e458b') in 0.012104 seconds
  Import took 0.016082 seconds .

========================================================================
Received Prepare
Registering precompiled user dll's ...
Registered in 0.001158 seconds.
Begin MonoManager ReloadAssembly
Native extension for WindowsStandalone target not found
Refreshing native plugins compatible for Editor in 0.70 ms, found 1 plugins.
Preloading 0 native plugins for Editor in 0.00 ms.
Invoked RoslynAnalysisRunner static constructor.
RoslynAnalysisRunner will not be running.
RoslynAnalysisRunner has terminated.
Mono: successfully reloaded assembly
- Completed reload, in  1.259 seconds
Platform modules already initialized, skipping
Refreshing native plugins compatible for Editor in 0.39 ms, found 1 plugins.
Preloading 0 native plugins for Editor in 0.00 ms.
Unloading 1804 Unused Serialized files (Serialized files now loaded: 0)
System memory in use before: 87.9 MB.
System memory in use after: 87.8 MB.

Unloading 12 unused Assets to reduce memory usage. Loaded Objects now: 2263.
Total: 2.402400 ms (FindLiveObjects: 0.275600 ms CreateObjectMapping: 0.049800 ms MarkObjects: 1.948400 ms  DeleteObjects: 0.126500 ms)

========================================================================
Received Prepare
Registering precompiled user dll's ...
Registered in 0.001194 seconds.
Begin MonoManager ReloadAssembly
Native extension for WindowsStandalone target not found
Refreshing native plugins compatible for Editor in 0.57 ms, found 1 plugins.
Preloading 0 native plugins for Editor in 0.00 ms.
Invoked RoslynAnalysisRunner static constructor.
RoslynAnalysisRunner will not be running.
RoslynAnalysisRunner has terminated.
Mono: successfully reloaded assembly
- Completed reload, in  1.293 seconds
Platform modules already initialized, skipping
Refreshing native plugins compatible for Editor in 0.55 ms, found 1 plugins.
Preloading 0 native plugins for Editor in 0.00 ms.
Unloading 1804 Unused Serialized files (Serialized files now loaded: 0)
System memory in use before: 87.9 MB.
System memory in use after: 87.9 MB.

Unloading 12 unused Assets to reduce memory usage. Loaded Objects now: 2267.
Total: 3.835200 ms (FindLiveObjects: 0.346600 ms CreateObjectMapping: 0.117600 ms MarkObjects: 3.215200 ms  DeleteObjects: 0.154000 ms)

========================================================================
Received Import Request.
  Time since last request: 107.393797 seconds.
  path: Assets/PlayerControl.cs
  artifactKey: Guid(b21703cbc89e9fd4abde2945b6f5ad95) Importer(815301076,1909f56bfc062723c751e8b465ee728b)
Start importing Assets/PlayerControl.cs using Guid(b21703cbc89e9fd4abde2945b6f5ad95) Importer(815301076,1909f56bfc062723c751e8b465ee728b)  -> (artifact id: '5b434f9f63eb6cda863f047accbe02b8') in 0.006528 seconds
  Import took 0.010216 seconds .

========================================================================
Received Prepare
Registering precompiled user dll's ...
Registered in 0.001230 seconds.
Begin MonoManager ReloadAssembly
Native extension for WindowsStandalone target not found
Refreshing native plugins compatible for Editor in 0.39 ms, found 1 plugins.
Preloading 0 native plugins for Editor in 0.00 ms.
Invoked RoslynAnalysisRunner static constructor.
RoslynAnalysisRunner will not be running.
RoslynAnalysisRunner has terminated.
Mono: successfully reloaded assembly
- Completed reload, in  1.033 seconds
Platform modules already initialized, skipping
Refreshing native plugins compatible for Editor in 0.39 ms, found 1 plugins.
Preloading 0 native plugins for Editor in 0.00 ms.
Unloading 1804 Unused Serialized files (Serialized files now loaded: 0)
System memory in use before: 87.9 MB.
System memory in use after: 87.9 MB.

Unloading 12 unused Assets to reduce memory usage. Loaded Objects now: 2271.
Total: 3.136200 ms (FindLiveObjects: 0.286100 ms CreateObjectMapping: 0.078200 ms MarkObjects: 2.617100 ms  DeleteObjects: 0.152600 ms)

========================================================================
Received Prepare
Registering precompiled user dll's ...
Registered in 0.001282 seconds.
Begin MonoManager ReloadAssembly
Native extension for WindowsStandalone target not found
Refreshing native plugins compatible for Editor in 0.39 ms, found 1 plugins.
Preloading 0 native plugins for Editor in 0.00 ms.
Invoked RoslynAnalysisRunner static constructor.
RoslynAnalysisRunner will not be running.
RoslynAnalysisRunner has terminated.
Mono: successfully reloaded assembly
- Completed reload, in  1.091 seconds
Platform modules already initialized, skipping
Refreshing native plugins compatible for Editor in 0.38 ms, found 1 plugins.
Preloading 0 native plugins for Editor in 0.00 ms.
Unloading 1805 Unused Serialized files (Serialized files now loaded: 0)
System memory in use before: 88.0 MB.
System memory in use after: 88.0 MB.

Unloading 12 unused Assets to reduce memory usage. Loaded Objects now: 2276.
Total: 2.259700 ms (FindLiveObjects: 0.262000 ms CreateObjectMapping: 0.068400 ms MarkObjects: 1.788700 ms  DeleteObjects: 0.139100 ms)

========================================================================
Received Prepare
Registering precompiled user dll's ...
Registered in 0.001183 seconds.
Begin MonoManager ReloadAssembly
Native extension for WindowsStandalone target not found
Refreshing native plugins compatible for Editor in 0.58 ms, found 1 plugins.
Preloading 0 native plugins for Editor in 0.00 ms.
Invoked RoslynAnalysisRunner static constructor.
RoslynAnalysisRunner will not be running.
RoslynAnalysisRunner has terminated.
Mono: successfully reloaded assembly
- Completed reload, in  1.088 seconds
Platform modules already initialized, skipping
Refreshing native plugins compatible for Editor in 0.38 ms, found 1 plugins.
Preloading 0 native plugins for Editor in 0.00 ms.
Unloading 1805 Unused Serialized files (Serialized files now loaded: 0)
System memory in use before: 88.0 MB.
System memory in use after: 88.0 MB.

Unloading 12 unused Assets to reduce memory usage. Loaded Objects now: 2280.
Total: 2.600800 ms (FindLiveObjects: 0.269300 ms CreateObjectMapping: 0.053200 ms MarkObjects: 2.130400 ms  DeleteObjects: 0.146300 ms)

========================================================================
Received Prepare
Registering precompiled user dll's ...
Registered in 0.001181 seconds.
Begin MonoManager ReloadAssembly
Native extension for WindowsStandalone target not found
Refreshing native plugins compatible for Editor in 0.55 ms, found 1 plugins.
Preloading 0 native plugins for Editor in 0.00 ms.
Invoked RoslynAnalysisRunner static constructor.
RoslynAnalysisRunner will not be running.
RoslynAnalysisRunner has terminated.
Mono: successfully reloaded assembly
- Completed reload, in  1.213 seconds
Platform modules already initialized, skipping
Refreshing native plugins compatible for Editor in 0.61 ms, found 1 plugins.
Preloading 0 native plugins for Editor in 0.00 ms.
Unloading 1805 Unused Serialized files (Serialized files now loaded: 0)
System memory in use before: 88.0 MB.
System memory in use after: 88.0 MB.

Unloading 12 unused Assets to reduce memory usage. Loaded Objects now: 2284.
Total: 3.664200 ms (FindLiveObjects: 0.664100 ms CreateObjectMapping: 0.159200 ms MarkObjects: 2.661400 ms  DeleteObjects: 0.177400 ms)

========================================================================
Received Prepare
Registering precompiled user dll's ...
Registered in 0.001693 seconds.
Begin MonoManager ReloadAssembly
Native extension for WindowsStandalone target not found
Refreshing native plugins compatible for Editor in 0.55 ms, found 1 plugins.
Preloading 0 native plugins for Editor in 0.00 ms.
Invoked RoslynAnalysisRunner static constructor.
RoslynAnalysisRunner will not be running.
RoslynAnalysisRunner has terminated.
Mono: successfully reloaded assembly
- Completed reload, in  1.108 seconds
Platform modules already initialized, skipping
Refreshing native plugins compatible for Editor in 0.39 ms, found 1 plugins.
Preloading 0 native plugins for Editor in 0.00 ms.
Unloading 1805 Unused Serialized files (Serialized files now loaded: 0)
System memory in use before: 88.0 MB.
System memory in use after: 88.0 MB.

Unloading 12 unused Assets to reduce memory usage. Loaded Objects now: 2288.
Total: 3.105500 ms (FindLiveObjects: 0.408300 ms CreateObjectMapping: 0.099100 ms MarkObjects: 2.443300 ms  DeleteObjects: 0.152600 ms)

========================================================================
Received Prepare
Registering precompiled user dll's ...
Registered in 0.001268 seconds.
Begin MonoManager ReloadAssembly
Native extension for WindowsStandalone target not found
Refreshing native plugins compatible for Editor in 0.56 ms, found 1 plugins.
Preloading 0 native plugins for Editor in 0.00 ms.
Invoked RoslynAnalysisRunner static constructor.
RoslynAnalysisRunner will not be running.
RoslynAnalysisRunner has terminated.
Mono: successfully reloaded assembly
- Completed reload, in  1.104 seconds
Platform modules already initialized, skipping
Refreshing native plugins compatible for Editor in 0.38 ms, found 1 plugins.
Preloading 0 native plugins for Editor in 0.00 ms.
Unloading 1805 Unused Serialized files (Serialized files now loaded: 0)
System memory in use before: 88.0 MB.
System memory in use after: 88.0 MB.

Unloading 12 unused Assets to reduce memory usage. Loaded Objects now: 2292.
Total: 3.317600 ms (FindLiveObjects: 0.406200 ms CreateObjectMapping: 0.127600 ms MarkObjects: 2.599800 ms  DeleteObjects: 0.182000 ms)

========================================================================
Received Prepare
Registering precompiled user dll's ...
Registered in 0.001762 seconds.
Begin MonoManager ReloadAssembly
Native extension for WindowsStandalone target not found
Refreshing native plugins compatible for Editor in 45.84 ms, found 1 plugins.
Preloading 0 native plugins for Editor in 0.00 ms.
Invoked RoslynAnalysisRunner static constructor.
RoslynAnalysisRunner will not be running.
RoslynAnalysisRunner has terminated.
Mono: successfully reloaded assembly
- Completed reload, in  0.999 seconds
Platform modules already initialized, skipping
Refreshing native plugins compatible for Editor in 0.45 ms, found 1 plugins.
Preloading 0 native plugins for Editor in 0.00 ms.
Unloading 2101 Unused Serialized files (Serialized files now loaded: 0)
System memory in use before: 97.4 MB.
System memory in use after: 97.4 MB.

Unloading 10 unused Assets to reduce memory usage. Loaded Objects now: 2585.
Total: 2.939000 ms (FindLiveObjects: 0.324500 ms CreateObjectMapping: 0.064200 ms MarkObjects: 2.381000 ms  DeleteObjects: 0.167800 ms)

AssetImportWorkerClient::OnTransportError - code=2 error=End of file
